# JRE version: OpenJDK Runtime Environment Temurin-21.0.8+9 (21.0.8+9) (build 21.0.8+9-LTS)
# Java VM: OpenJDK 64-Bit Server VM Temurin-21.0.8+9 (21.0.8+9-LTS, mixed mode, sharing, tiered, compressed oops, compressed class ptrs, parallel gc, windows-amd64)
GC Precious Log:
 CardTable entry size: 512
 CPUs: 4 total, 4 available
 Memory: 3460M
 Large Page Support: Disabled
 NUMA Support: Disabled
 Compressed Oops: Enabled (32-bit)
 Alignments: Space 512K, Generation 512K, Heap 2M
 Heap Min Capacity: 100M
 Heap Initial Capacity: 100M
 Heap Max Capacity: 2G
 Pre-touch: Disabled
 Parallel Workers: 4
Heap:
 PSYoungGen      total 4608K, used 4086K [0x00000000d5580000, 0x00000000d5b80000, 0x0000000100000000)
  eden space 4096K, 92% used [0x00000000d5580000,0x00000000d5935868,0x00000000d5980000)
  from space 512K, 56% used [0x00000000d5980000,0x00000000d59c8000,0x00000000d5a00000)
  to   space 1024K, 0% used [0x00000000d5a80000,0x00000000d5a80000,0x00000000d5b80000)
 ParOldGen       total 1186304K, used 1185872K [0x0000000080000000, 0x00000000c8680000, 0x00000000d5580000)
  object space 1186304K, 99% used [0x0000000080000000,0x00000000c8614010,0x00000000c8680000)
 Metaspace       used 91139K, committed 92928K, reserved 1179648K
  class space    used 9197K, committed 10048K, reserved 1048576K
GC Heap History (20 events):
Event: 2296.637 GC heap before
{Heap before GC invocations=3255 (full 5):
 PSYoungGen      total 4608K, used 4080K [0x00000000d5580000, 0x00000000d5b80000, 0x0000000100000000)
  eden space 3584K, 100% used [0x00000000d5580000,0x00000000d5900000,0x00000000d5900000)
  from space 1024K, 48% used [0x00000000d5900000,0x00000000d597c010,0x00000000d5a00000)
  to   space 1024K, 0% used [0x00000000d5a80000,0x00000000d5a80000,0x00000000d5b80000)
 ParOldGen       total 1180672K, used 1180559K [0x0000000080000000, 0x00000000c8100000, 0x00000000d5580000)
  object space 1180672K, 99% used [0x0000000080000000,0x00000000c80e3c50,0x00000000c8100000)
 Metaspace       used 91096K, committed 92864K, reserved 1179648K
  class space    used 9197K, committed 10048K, reserved 1048576K
}
Event: 2296.642 GC heap after
{Heap after GC invocations=3255 (full 5):
 PSYoungGen      total 5120K, used 704K [0x00000000d5580000, 0x00000000d5c00000, 0x0000000100000000)
  eden space 4096K, 0% used [0x00000000d5580000,0x00000000d5580000,0x00000000d5980000)
  from space 1024K, 68% used [0x00000000d5a80000,0x00000000d5b30000,0x00000000d5b80000)
  to   space 1024K, 0% used [0x00000000d5980000,0x00000000d5980000,0x00000000d5a80000)
 ParOldGen       total 1180672K, used 1180575K [0x0000000080000000, 0x00000000c8100000, 0x00000000d5580000)
  object space 1180672K, 99% used [0x0000000080000000,0x00000000c80e7c50,0x00000000c8100000)
 Metaspace       used 91096K, committed 92864K, reserved 1179648K
  class space    used 9197K, committed 10048K, reserved 1048576K
}
Event: 2296.757 GC heap before
{Heap before GC invocations=3256 (full 5):
 PSYoungGen      total 5120K, used 4800K [0x00000000d5580000, 0x00000000d5c00000, 0x0000000100000000)
  eden space 4096K, 100% used [0x00000000d5580000,0x00000000d5980000,0x00000000d5980000)
  from space 1024K, 68% used [0x00000000d5a80000,0x00000000d5b30000,0x00000000d5b80000)
  to   space 1024K, 0% used [0x00000000d5980000,0x00000000d5980000,0x00000000d5a80000)
 ParOldGen       total 1180672K, used 1180575K [0x0000000080000000, 0x00000000c8100000, 0x00000000d5580000)
  object space 1180672K, 99% used [0x0000000080000000,0x00000000c80e7c50,0x00000000c8100000)
 Metaspace       used 91096K, committed 92864K, reserved 1179648K
  class space    used 9197K, committed 10048K, reserved 1048576K
}
Event: 2296.765 GC heap after
{Heap after GC invocations=3256 (full 5):
 PSYoungGen      total 5120K, used 480K [0x00000000d5580000, 0x00000000d5b80000, 0x0000000100000000)
  eden space 4096K, 0% used [0x00000000d5580000,0x00000000d5580000,0x00000000d5980000)
  from space 1024K, 46% used [0x00000000d5980000,0x00000000d59f8000,0x00000000d5a80000)
  to   space 1024K, 0% used [0x00000000d5a80000,0x00000000d5a80000,0x00000000d5b80000)
 ParOldGen       total 1181184K, used 1180996K [0x0000000080000000, 0x00000000c8180000, 0x00000000d5580000)
  object space 1181184K, 99% used [0x0000000080000000,0x00000000c81510e0,0x00000000c8180000)
 Metaspace       used 91096K, committed 92864K, reserved 1179648K
  class space    used 9197K, committed 10048K, reserved 1048576K
}
Event: 2297.536 GC heap before
{Heap before GC invocations=3257 (full 5):
 PSYoungGen      total 5120K, used 4575K [0x00000000d5580000, 0x00000000d5b80000, 0x0000000100000000)
  eden space 4096K, 99% used [0x00000000d5580000,0x00000000d597fee8,0x00000000d5980000)
  from space 1024K, 46% used [0x00000000d5980000,0x00000000d59f8000,0x00000000d5a80000)
  to   space 1024K, 0% used [0x00000000d5a80000,0x00000000d5a80000,0x00000000d5b80000)
 ParOldGen       total 1181184K, used 1180996K [0x0000000080000000, 0x00000000c8180000, 0x00000000d5580000)
  object space 1181184K, 99% used [0x0000000080000000,0x00000000c81510e0,0x00000000c8180000)
 Metaspace       used 91104K, committed 92928K, reserved 1179648K
  class space    used 9197K, committed 10048K, reserved 1048576K
}
Event: 2297.544 GC heap after
{Heap after GC invocations=3257 (full 5):
 PSYoungGen      total 4608K, used 160K [0x00000000d5580000, 0x00000000d5b00000, 0x0000000100000000)
  eden space 4096K, 0% used [0x00000000d5580000,0x00000000d5580000,0x00000000d5980000)
  from space 512K, 31% used [0x00000000d5a80000,0x00000000d5aa8020,0x00000000d5b00000)
  to   space 512K, 0% used [0x00000000d5a00000,0x00000000d5a00000,0x00000000d5a80000)
 ParOldGen       total 1181184K, used 1181020K [0x0000000080000000, 0x00000000c8180000, 0x00000000d5580000)
  object space 1181184K, 99% used [0x0000000080000000,0x00000000c81570e0,0x00000000c8180000)
 Metaspace       used 91104K, committed 92928K, reserved 1179648K
  class space    used 9197K, committed 10048K, reserved 1048576K
}
Event: 2297.683 GC heap before
{Heap before GC invocations=3258 (full 5):
 PSYoungGen      total 4608K, used 4256K [0x00000000d5580000, 0x00000000d5b00000, 0x0000000100000000)
  eden space 4096K, 100% used [0x00000000d5580000,0x00000000d5980000,0x00000000d5980000)
  from space 512K, 31% used [0x00000000d5a80000,0x00000000d5aa8020,0x00000000d5b00000)
  to   space 512K, 0% used [0x00000000d5a00000,0x00000000d5a00000,0x00000000d5a80000)
 ParOldGen       total 1181184K, used 1181020K [0x0000000080000000, 0x00000000c8180000, 0x00000000d5580000)
  object space 1181184K, 99% used [0x0000000080000000,0x00000000c81570e0,0x00000000c8180000)
 Metaspace       used 91104K, committed 92928K, reserved 1179648K
  class space    used 9197K, committed 10048K, reserved 1048576K
}
Event: 2297.689 GC heap after
{Heap after GC invocations=3258 (full 5):
 PSYoungGen      total 4608K, used 512K [0x00000000d5580000, 0x00000000d5c80000, 0x0000000100000000)
  eden space 4096K, 0% used [0x00000000d5580000,0x00000000d5580000,0x00000000d5980000)
  from space 512K, 100% used [0x00000000d5a00000,0x00000000d5a80000,0x00000000d5a80000)
  to   space 1536K, 0% used [0x00000000d5b00000,0x00000000d5b00000,0x00000000d5c80000)
 ParOldGen       total 1181696K, used 1181604K [0x0000000080000000, 0x00000000c8200000, 0x00000000d5580000)
  object space 1181696K, 99% used [0x0000000080000000,0x00000000c81e9100,0x00000000c8200000)
 Metaspace       used 91104K, committed 92928K, reserved 1179648K
  class space    used 9197K, committed 10048K, reserved 1048576K
}
Event: 2297.846 GC heap before
{Heap before GC invocations=3259 (full 5):
 PSYoungGen      total 4608K, used 4608K [0x00000000d5580000, 0x00000000d5c80000, 0x0000000100000000)
  eden space 4096K, 100% used [0x00000000d5580000,0x00000000d5980000,0x00000000d5980000)
  from space 512K, 100% used [0x00000000d5a00000,0x00000000d5a80000,0x00000000d5a80000)
  to   space 1536K, 0% used [0x00000000d5b00000,0x00000000d5b00000,0x00000000d5c80000)
 ParOldGen       total 1181696K, used 1181604K [0x0000000080000000, 0x00000000c8200000, 0x00000000d5580000)
  object space 1181696K, 99% used [0x0000000080000000,0x00000000c81e9100,0x00000000c8200000)
 Metaspace       used 91109K, committed 92928K, reserved 1179648K
  class space    used 9197K, committed 10048K, reserved 1048576K
}
Event: 2297.854 GC heap after
{Heap after GC invocations=3259 (full 5):
 PSYoungGen      total 5632K, used 1184K [0x00000000d5580000, 0x00000000d5c80000, 0x0000000100000000)
  eden space 4096K, 0% used [0x00000000d5580000,0x00000000d5580000,0x00000000d5980000)
  from space 1536K, 77% used [0x00000000d5b00000,0x00000000d5c28000,0x00000000d5c80000)
  to   space 1536K, 0% used [0x00000000d5980000,0x00000000d5980000,0x00000000d5b00000)
 ParOldGen       total 1182208K, used 1182132K [0x0000000080000000, 0x00000000c8280000, 0x00000000d5580000)
  object space 1182208K, 99% used [0x0000000080000000,0x00000000c826d100,0x00000000c8280000)
 Metaspace       used 91109K, committed 92928K, reserved 1179648K
  class space    used 9197K, committed 10048K, reserved 1048576K
}
Event: 2297.920 GC heap before
{Heap before GC invocations=3260 (full 5):
 PSYoungGen      total 5632K, used 5280K [0x00000000d5580000, 0x00000000d5c80000, 0x0000000100000000)
  eden space 4096K, 100% used [0x00000000d5580000,0x00000000d5980000,0x00000000d5980000)
  from space 1536K, 77% used [0x00000000d5b00000,0x00000000d5c28000,0x00000000d5c80000)
  to   space 1536K, 0% used [0x00000000d5980000,0x00000000d5980000,0x00000000d5b00000)
 ParOldGen       total 1182208K, used 1182132K [0x0000000080000000, 0x00000000c8280000, 0x00000000d5580000)
  object space 1182208K, 99% used [0x0000000080000000,0x00000000c826d100,0x00000000c8280000)
 Metaspace       used 91115K, committed 92928K, reserved 1179648K
  class space    used 9197K, committed 10048K, reserved 1048576K
}
Event: 2297.929 GC heap after
{Heap after GC invocations=3260 (full 5):
 PSYoungGen      total 5632K, used 1312K [0x00000000d5580000, 0x00000000d5c80000, 0x0000000100000000)
  eden space 4096K, 0% used [0x00000000d5580000,0x00000000d5580000,0x00000000d5980000)
  from space 1536K, 85% used [0x00000000d5980000,0x00000000d5ac8000,0x00000000d5b00000)
  to   space 1536K, 0% used [0x00000000d5b00000,0x00000000d5b00000,0x00000000d5c80000)
 ParOldGen       total 1183232K, used 1183212K [0x0000000080000000, 0x00000000c8380000, 0x00000000d5580000)
  object space 1183232K, 99% used [0x0000000080000000,0x00000000c837b100,0x00000000c8380000)
 Metaspace       used 91115K, committed 92928K, reserved 1179648K
  class space    used 9197K, committed 10048K, reserved 1048576K
}
Event: 2298.140 GC heap before
{Heap before GC invocations=3261 (full 5):
 PSYoungGen      total 5632K, used 5408K [0x00000000d5580000, 0x00000000d5c80000, 0x0000000100000000)
  eden space 4096K, 100% used [0x00000000d5580000,0x00000000d5980000,0x00000000d5980000)
  from space 1536K, 85% used [0x00000000d5980000,0x00000000d5ac8000,0x00000000d5b00000)
  to   space 1536K, 0% used [0x00000000d5b00000,0x00000000d5b00000,0x00000000d5c80000)
 ParOldGen       total 1183232K, used 1183212K [0x0000000080000000, 0x00000000c8380000, 0x00000000d5580000)
  object space 1183232K, 99% used [0x0000000080000000,0x00000000c837b100,0x00000000c8380000)
 Metaspace       used 91128K, committed 92928K, reserved 1179648K
  class space    used 9197K, committed 10048K, reserved 1048576K
}
Event: 2298.150 GC heap after
{Heap after GC invocations=3261 (full 5):
 PSYoungGen      total 5120K, used 672K [0x00000000d5580000, 0x00000000d5c00000, 0x0000000100000000)
  eden space 4096K, 0% used [0x00000000d5580000,0x00000000d5580000,0x00000000d5980000)
  from space 1024K, 65% used [0x00000000d5b00000,0x00000000d5ba8000,0x00000000d5c00000)
  to   space 1024K, 0% used [0x00000000d5a00000,0x00000000d5a00000,0x00000000d5b00000)
 ParOldGen       total 1184768K, used 1184316K [0x0000000080000000, 0x00000000c8500000, 0x00000000d5580000)
  object space 1184768K, 99% used [0x0000000080000000,0x00000000c848f100,0x00000000c8500000)
 Metaspace       used 91128K, committed 92928K, reserved 1179648K
  class space    used 9197K, committed 10048K, reserved 1048576K
}
Event: 2298.842 GC heap before
{Heap before GC invocations=3262 (full 5):
 PSYoungGen      total 5120K, used 4768K [0x00000000d5580000, 0x00000000d5c00000, 0x0000000100000000)
  eden space 4096K, 100% used [0x00000000d5580000,0x00000000d5980000,0x00000000d5980000)
  from space 1024K, 65% used [0x00000000d5b00000,0x00000000d5ba8000,0x00000000d5c00000)
  to   space 1024K, 0% used [0x00000000d5a00000,0x00000000d5a00000,0x00000000d5b00000)
 ParOldGen       total 1184768K, used 1184316K [0x0000000080000000, 0x00000000c8500000, 0x00000000d5580000)
  object space 1184768K, 99% used [0x0000000080000000,0x00000000c848f100,0x00000000c8500000)
 Metaspace       used 91129K, committed 92928K, reserved 1179648K
  class space    used 9197K, committed 10048K, reserved 1048576K
}
Event: 2298.849 GC heap after
{Heap after GC invocations=3262 (full 5):
 PSYoungGen      total 5120K, used 560K [0x00000000d5580000, 0x00000000d5b80000, 0x0000000100000000)
  eden space 4096K, 0% used [0x00000000d5580000,0x00000000d5580000,0x00000000d5980000)
  from space 1024K, 54% used [0x00000000d5a00000,0x00000000d5a8c010,0x00000000d5b00000)
  to   space 512K, 0% used [0x00000000d5b00000,0x00000000d5b00000,0x00000000d5b80000)
 ParOldGen       total 1185280K, used 1184956K [0x0000000080000000, 0x00000000c8580000, 0x00000000d5580000)
  object space 1185280K, 99% used [0x0000000080000000,0x00000000c852f100,0x00000000c8580000)
 Metaspace       used 91129K, committed 92928K, reserved 1179648K
  class space    used 9197K, committed 10048K, reserved 1048576K
}
Event: 2302.119 GC heap before
{Heap before GC invocations=3263 (full 5):
 PSYoungGen      total 5120K, used 4656K [0x00000000d5580000, 0x00000000d5b80000, 0x0000000100000000)
  eden space 4096K, 100% used [0x00000000d5580000,0x00000000d5980000,0x00000000d5980000)
  from space 1024K, 54% used [0x00000000d5a00000,0x00000000d5a8c010,0x00000000d5b00000)
  to   space 512K, 0% used [0x00000000d5b00000,0x00000000d5b00000,0x00000000d5b80000)
 ParOldGen       total 1185280K, used 1184956K [0x0000000080000000, 0x00000000c8580000, 0x00000000d5580000)
  object space 1185280K, 99% used [0x0000000080000000,0x00000000c852f100,0x00000000c8580000)
 Metaspace       used 91135K, committed 92928K, reserved 1179648K
  class space    used 9197K, committed 10048K, reserved 1048576K
}
Event: 2302.127 GC heap after
{Heap after GC invocations=3263 (full 5):
 PSYoungGen      total 4608K, used 496K [0x00000000d5580000, 0x00000000d5c80000, 0x0000000100000000)
  eden space 4096K, 0% used [0x00000000d5580000,0x00000000d5580000,0x00000000d5980000)
  from space 512K, 96% used [0x00000000d5b00000,0x00000000d5b7c010,0x00000000d5b80000)
  to   space 1536K, 0% used [0x00000000d5980000,0x00000000d5980000,0x00000000d5b00000)
 ParOldGen       total 1185792K, used 1185513K [0x0000000080000000, 0x00000000c8600000, 0x00000000d5580000)
  object space 1185792K, 99% used [0x0000000080000000,0x00000000c85ba5c0,0x00000000c8600000)
 Metaspace       used 91135K, committed 92928K, reserved 1179648K
  class space    used 9197K, committed 10048K, reserved 1048576K
}
Event: 2349.255 GC heap before
{Heap before GC invocations=3264 (full 5):
 PSYoungGen      total 4608K, used 4592K [0x00000000d5580000, 0x00000000d5c80000, 0x0000000100000000)
  eden space 4096K, 100% used [0x00000000d5580000,0x00000000d5980000,0x00000000d5980000)
  from space 512K, 96% used [0x00000000d5b00000,0x00000000d5b7c010,0x00000000d5b80000)
  to   space 1536K, 0% used [0x00000000d5980000,0x00000000d5980000,0x00000000d5b00000)
 ParOldGen       total 1185792K, used 1185513K [0x0000000080000000, 0x00000000c8600000, 0x00000000d5580000)
  object space 1185792K, 99% used [0x0000000080000000,0x00000000c85ba5c0,0x00000000c8600000)
 Metaspace       used 91135K, committed 92928K, reserved 1179648K
  class space    used 9197K, committed 10048K, reserved 1048576K
}
Event: 2349.980 GC heap after
{Heap after GC invocations=3264 (full 5):
 PSYoungGen      total 4608K, used 288K [0x00000000d5580000, 0x00000000d5b80000, 0x0000000100000000)
  eden space 4096K, 0% used [0x00000000d5580000,0x00000000d5580000,0x00000000d5980000)
  from space 512K, 56% used [0x00000000d5980000,0x00000000d59c8000,0x00000000d5a00000)
  to   space 1024K, 0% used [0x00000000d5a80000,0x00000000d5a80000,0x00000000d5b80000)
 ParOldGen       total 1186304K, used 1185872K [0x0000000080000000, 0x00000000c8680000, 0x00000000d5580000)
  object space 1186304K, 99% used [0x0000000080000000,0x00000000c8614010,0x00000000c8680000)
 Metaspace       used 91135K, committed 92928K, reserved 1179648K
  class space    used 9197K, committed 10048K, reserved 1048576K
}

