# JRE version: OpenJDK Runtime Environment Temurin-21.0.8+9 (21.0.8+9) (build 21.0.8+9-LTS)
# Java VM: OpenJDK 64-Bit Server VM Temurin-21.0.8+9 (21.0.8+9-LTS, mixed mode, sharing, tiered, compressed oops, compressed class ptrs, parallel gc, windows-amd64)
GC Precious Log:
 CardTable entry size: 512
 CPUs: 4 total, 4 available
 Memory: 3460M
 Large Page Support: Disabled
 NUMA Support: Disabled
 Compressed Oops: Enabled (32-bit)
 Alignments: Space 512K, Generation 512K, Heap 2M
 Heap Min Capacity: 100M
 Heap Initial Capacity: 100M
 Heap Max Capacity: 2G
 Pre-touch: Disabled
 Parallel Workers: 4
Heap:
 PSYoungGen      total 4608K, used 256K [0x00000000d5580000, 0x00000000d5e00000, 0x0000000100000000)
  eden space 4096K, 3% used [0x00000000d5580000,0x00000000d55a0098,0x00000000d5980000)
  from space 512K, 25% used [0x00000000d5d80000,0x00000000d5da0000,0x00000000d5e00000)
  to   space 512K, 0% used [0x00000000d5d00000,0x00000000d5d00000,0x00000000d5d80000)
 ParOldGen       total 739328K, used 739101K [0x0000000080000000, 0x00000000ad200000, 0x00000000d5580000)
  object space 739328K, 99% used [0x0000000080000000,0x00000000ad1c77a0,0x00000000ad200000)
 Metaspace       used 82217K, committed 83840K, reserved 1179648K
  class space    used 8412K, committed 9152K, reserved 1048576K
GC Heap History (20 events):
Event: 1692.222 GC heap before
{Heap before GC invocations=1427 (full 4):
 PSYoungGen      total 2560K, used 2452K [0x00000000d5580000, 0x00000000d5880000, 0x0000000100000000)
  eden space 2048K, 100% used [0x00000000d5580000,0x00000000d5780000,0x00000000d5780000)
  from space 512K, 79% used [0x00000000d5800000,0x00000000d58652e0,0x00000000d5880000)
  to   space 512K, 0% used [0x00000000d5780000,0x00000000d5780000,0x00000000d5800000)
 ParOldGen       total 728576K, used 728101K [0x0000000080000000, 0x00000000ac780000, 0x00000000d5580000)
  object space 728576K, 99% used [0x0000000080000000,0x00000000ac709530,0x00000000ac780000)
 Metaspace       used 82212K, committed 83840K, reserved 1179648K
  class space    used 8412K, committed 9152K, reserved 1048576K
}
Event: 1692.230 GC heap after
{Heap after GC invocations=1427 (full 4):
 PSYoungGen      total 2560K, used 512K [0x00000000d5580000, 0x00000000d5e00000, 0x0000000100000000)
  eden space 2048K, 0% used [0x00000000d5580000,0x00000000d5580000,0x00000000d5780000)
  from space 512K, 100% used [0x00000000d5780000,0x00000000d5800000,0x00000000d5800000)
  to   space 3072K, 0% used [0x00000000d5b00000,0x00000000d5b00000,0x00000000d5e00000)
 ParOldGen       total 730112K, used 729970K [0x0000000080000000, 0x00000000ac900000, 0x00000000d5580000)
  object space 730112K, 99% used [0x0000000080000000,0x00000000ac8dc820,0x00000000ac900000)
 Metaspace       used 82212K, committed 83840K, reserved 1179648K
  class space    used 8412K, committed 9152K, reserved 1048576K
}
Event: 1692.251 GC heap before
{Heap before GC invocations=1428 (full 4):
 PSYoungGen      total 2560K, used 2560K [0x00000000d5580000, 0x00000000d5e00000, 0x0000000100000000)
  eden space 2048K, 100% used [0x00000000d5580000,0x00000000d5780000,0x00000000d5780000)
  from space 512K, 100% used [0x00000000d5780000,0x00000000d5800000,0x00000000d5800000)
  to   space 3072K, 0% used [0x00000000d5b00000,0x00000000d5b00000,0x00000000d5e00000)
 ParOldGen       total 730112K, used 729970K [0x0000000080000000, 0x00000000ac900000, 0x00000000d5580000)
  object space 730112K, 99% used [0x0000000080000000,0x00000000ac8dc820,0x00000000ac900000)
 Metaspace       used 82212K, committed 83840K, reserved 1179648K
  class space    used 8412K, committed 9152K, reserved 1048576K
}
Event: 1692.261 GC heap after
{Heap after GC invocations=1428 (full 4):
 PSYoungGen      total 4608K, used 2048K [0x00000000d5580000, 0x00000000d5d00000, 0x0000000100000000)
  eden space 2560K, 0% used [0x00000000d5580000,0x00000000d5580000,0x00000000d5800000)
  from space 2048K, 100% used [0x00000000d5b00000,0x00000000d5d00000,0x00000000d5d00000)
  to   space 2560K, 0% used [0x00000000d5800000,0x00000000d5800000,0x00000000d5a80000)
 ParOldGen       total 730624K, used 730498K [0x0000000080000000, 0x00000000ac980000, 0x00000000d5580000)
  object space 730624K, 99% used [0x0000000080000000,0x00000000ac960820,0x00000000ac980000)
 Metaspace       used 82212K, committed 83840K, reserved 1179648K
  class space    used 8412K, committed 9152K, reserved 1048576K
}
Event: 1692.279 GC heap before
{Heap before GC invocations=1429 (full 4):
 PSYoungGen      total 4608K, used 4279K [0x00000000d5580000, 0x00000000d5d00000, 0x0000000100000000)
  eden space 2560K, 87% used [0x00000000d5580000,0x00000000d57adc68,0x00000000d5800000)
  from space 2048K, 100% used [0x00000000d5b00000,0x00000000d5d00000,0x00000000d5d00000)
  to   space 2560K, 0% used [0x00000000d5800000,0x00000000d5800000,0x00000000d5a80000)
 ParOldGen       total 730624K, used 730498K [0x0000000080000000, 0x00000000ac980000, 0x00000000d5580000)
  object space 730624K, 99% used [0x0000000080000000,0x00000000ac960820,0x00000000ac980000)
 Metaspace       used 82212K, committed 83840K, reserved 1179648K
  class space    used 8412K, committed 9152K, reserved 1048576K
}
Event: 1692.290 GC heap after
{Heap after GC invocations=1429 (full 4):
 PSYoungGen      total 5120K, used 1888K [0x00000000d5580000, 0x00000000d5c80000, 0x0000000100000000)
  eden space 2560K, 0% used [0x00000000d5580000,0x00000000d5580000,0x00000000d5800000)
  from space 2560K, 73% used [0x00000000d5800000,0x00000000d59d8000,0x00000000d5a80000)
  to   space 2048K, 0% used [0x00000000d5a80000,0x00000000d5a80000,0x00000000d5c80000)
 ParOldGen       total 732672K, used 732538K [0x0000000080000000, 0x00000000acb80000, 0x00000000d5580000)
  object space 732672K, 99% used [0x0000000080000000,0x00000000acb5e820,0x00000000acb80000)
 Metaspace       used 82212K, committed 83840K, reserved 1179648K
  class space    used 8412K, committed 9152K, reserved 1048576K
}
Event: 1692.413 GC heap before
{Heap before GC invocations=1430 (full 4):
 PSYoungGen      total 5120K, used 4448K [0x00000000d5580000, 0x00000000d5c80000, 0x0000000100000000)
  eden space 2560K, 100% used [0x00000000d5580000,0x00000000d5800000,0x00000000d5800000)
  from space 2560K, 73% used [0x00000000d5800000,0x00000000d59d8000,0x00000000d5a80000)
  to   space 2048K, 0% used [0x00000000d5a80000,0x00000000d5a80000,0x00000000d5c80000)
 ParOldGen       total 732672K, used 732538K [0x0000000080000000, 0x00000000acb80000, 0x00000000d5580000)
  object space 732672K, 99% used [0x0000000080000000,0x00000000acb5e820,0x00000000acb80000)
 Metaspace       used 82212K, committed 83840K, reserved 1179648K
  class space    used 8412K, committed 9152K, reserved 1048576K
}
Event: 1692.424 GC heap after
{Heap after GC invocations=1430 (full 4):
 PSYoungGen      total 5120K, used 1494K [0x00000000d5580000, 0x00000000d5c80000, 0x0000000100000000)
  eden space 3072K, 0% used [0x00000000d5580000,0x00000000d5580000,0x00000000d5880000)
  from space 2048K, 72% used [0x00000000d5a80000,0x00000000d5bf5af0,0x00000000d5c80000)
  to   space 2048K, 0% used [0x00000000d5880000,0x00000000d5880000,0x00000000d5a80000)
 ParOldGen       total 734208K, used 734082K [0x0000000080000000, 0x00000000acd00000, 0x00000000d5580000)
  object space 734208K, 99% used [0x0000000080000000,0x00000000acce0820,0x00000000acd00000)
 Metaspace       used 82212K, committed 83840K, reserved 1179648K
  class space    used 8412K, committed 9152K, reserved 1048576K
}
Event: 1692.469 GC heap before
{Heap before GC invocations=1431 (full 4):
 PSYoungGen      total 5120K, used 4493K [0x00000000d5580000, 0x00000000d5c80000, 0x0000000100000000)
  eden space 3072K, 97% used [0x00000000d5580000,0x00000000d586daf0,0x00000000d5880000)
  from space 2048K, 72% used [0x00000000d5a80000,0x00000000d5bf5af0,0x00000000d5c80000)
  to   space 2048K, 0% used [0x00000000d5880000,0x00000000d5880000,0x00000000d5a80000)
 ParOldGen       total 734208K, used 734082K [0x0000000080000000, 0x00000000acd00000, 0x00000000d5580000)
  object space 734208K, 99% used [0x0000000080000000,0x00000000acce0820,0x00000000acd00000)
 Metaspace       used 82212K, committed 83840K, reserved 1179648K
  class space    used 8412K, committed 9152K, reserved 1048576K
}
Event: 1692.481 GC heap after
{Heap after GC invocations=1431 (full 4):
 PSYoungGen      total 5120K, used 2024K [0x00000000d5580000, 0x00000000d6280000, 0x0000000100000000)
  eden space 3072K, 0% used [0x00000000d5580000,0x00000000d5580000,0x00000000d5880000)
  from space 2048K, 98% used [0x00000000d5880000,0x00000000d5a7a000,0x00000000d5a80000)
  to   space 4608K, 0% used [0x00000000d5e00000,0x00000000d5e00000,0x00000000d6280000)
 ParOldGen       total 736256K, used 736208K [0x0000000080000000, 0x00000000acf00000, 0x00000000d5580000)
  object space 736256K, 99% used [0x0000000080000000,0x00000000acef4310,0x00000000acf00000)
 Metaspace       used 82212K, committed 83840K, reserved 1179648K
  class space    used 8412K, committed 9152K, reserved 1048576K
}
Event: 1692.633 GC heap before
{Heap before GC invocations=1432 (full 4):
 PSYoungGen      total 5120K, used 5096K [0x00000000d5580000, 0x00000000d6280000, 0x0000000100000000)
  eden space 3072K, 100% used [0x00000000d5580000,0x00000000d5880000,0x00000000d5880000)
  from space 2048K, 98% used [0x00000000d5880000,0x00000000d5a7a000,0x00000000d5a80000)
  to   space 4608K, 0% used [0x00000000d5e00000,0x00000000d5e00000,0x00000000d6280000)
 ParOldGen       total 736256K, used 736208K [0x0000000080000000, 0x00000000acf00000, 0x00000000d5580000)
  object space 736256K, 99% used [0x0000000080000000,0x00000000acef4310,0x00000000acf00000)
 Metaspace       used 82212K, committed 83840K, reserved 1179648K
  class space    used 8412K, committed 9152K, reserved 1048576K
}
Event: 1692.648 GC heap after
{Heap after GC invocations=1432 (full 4):
 PSYoungGen      total 5120K, used 768K [0x00000000d5580000, 0x00000000d5f00000, 0x0000000100000000)
  eden space 4096K, 0% used [0x00000000d5580000,0x00000000d5580000,0x00000000d5980000)
  from space 1024K, 75% used [0x00000000d5e00000,0x00000000d5ec0010,0x00000000d5f00000)
  to   space 2048K, 0% used [0x00000000d5b00000,0x00000000d5b00000,0x00000000d5d00000)
 ParOldGen       total 738304K, used 738096K [0x0000000080000000, 0x00000000ad100000, 0x00000000d5580000)
  object space 738304K, 99% used [0x0000000080000000,0x00000000ad0cc310,0x00000000ad100000)
 Metaspace       used 82212K, committed 83840K, reserved 1179648K
  class space    used 8412K, committed 9152K, reserved 1048576K
}
Event: 1698.934 GC heap before
{Heap before GC invocations=1433 (full 4):
 PSYoungGen      total 5120K, used 4864K [0x00000000d5580000, 0x00000000d5f00000, 0x0000000100000000)
  eden space 4096K, 100% used [0x00000000d5580000,0x00000000d5980000,0x00000000d5980000)
  from space 1024K, 75% used [0x00000000d5e00000,0x00000000d5ec0010,0x00000000d5f00000)
  to   space 2048K, 0% used [0x00000000d5b00000,0x00000000d5b00000,0x00000000d5d00000)
 ParOldGen       total 738304K, used 738096K [0x0000000080000000, 0x00000000ad100000, 0x00000000d5580000)
  object space 738304K, 99% used [0x0000000080000000,0x00000000ad0cc310,0x00000000ad100000)
 Metaspace       used 82212K, committed 83840K, reserved 1179648K
  class space    used 8412K, committed 9152K, reserved 1048576K
}
Event: 1698.938 GC heap after
{Heap after GC invocations=1433 (full 4):
 PSYoungGen      total 6144K, used 160K [0x00000000d5580000, 0x00000000d5e80000, 0x0000000100000000)
  eden space 4096K, 0% used [0x00000000d5580000,0x00000000d5580000,0x00000000d5980000)
  from space 2048K, 7% used [0x00000000d5b00000,0x00000000d5b28000,0x00000000d5d00000)
  to   space 1024K, 0% used [0x00000000d5d80000,0x00000000d5d80000,0x00000000d5e80000)
 ParOldGen       total 738816K, used 738704K [0x0000000080000000, 0x00000000ad180000, 0x00000000d5580000)
  object space 738816K, 99% used [0x0000000080000000,0x00000000ad164310,0x00000000ad180000)
 Metaspace       used 82212K, committed 83840K, reserved 1179648K
  class space    used 8412K, committed 9152K, reserved 1048576K
}
Event: 1699.678 GC heap before
{Heap before GC invocations=1434 (full 4):
 PSYoungGen      total 6144K, used 4256K [0x00000000d5580000, 0x00000000d5e80000, 0x0000000100000000)
  eden space 4096K, 100% used [0x00000000d5580000,0x00000000d5980000,0x00000000d5980000)
  from space 2048K, 7% used [0x00000000d5b00000,0x00000000d5b28000,0x00000000d5d00000)
  to   space 1024K, 0% used [0x00000000d5d80000,0x00000000d5d80000,0x00000000d5e80000)
 ParOldGen       total 738816K, used 738704K [0x0000000080000000, 0x00000000ad180000, 0x00000000d5580000)
  object space 738816K, 99% used [0x0000000080000000,0x00000000ad164310,0x00000000ad180000)
 Metaspace       used 82213K, committed 83840K, reserved 1179648K
  class space    used 8412K, committed 9152K, reserved 1048576K
}
Event: 1699.683 GC heap after
{Heap after GC invocations=1434 (full 4):
 PSYoungGen      total 5120K, used 822K [0x00000000d5580000, 0x00000000d5e80000, 0x0000000100000000)
  eden space 4096K, 0% used [0x00000000d5580000,0x00000000d5580000,0x00000000d5980000)
  from space 1024K, 80% used [0x00000000d5d80000,0x00000000d5e4db00,0x00000000d5e80000)
  to   space 1024K, 0% used [0x00000000d5c80000,0x00000000d5c80000,0x00000000d5d80000)
 ParOldGen       total 738816K, used 738728K [0x0000000080000000, 0x00000000ad180000, 0x00000000d5580000)
  object space 738816K, 99% used [0x0000000080000000,0x00000000ad16a310,0x00000000ad180000)
 Metaspace       used 82213K, committed 83840K, reserved 1179648K
  class space    used 8412K, committed 9152K, reserved 1048576K
}
Event: 1702.149 GC heap before
{Heap before GC invocations=1435 (full 4):
 PSYoungGen      total 5120K, used 4912K [0x00000000d5580000, 0x00000000d5e80000, 0x0000000100000000)
  eden space 4096K, 99% used [0x00000000d5580000,0x00000000d597e600,0x00000000d5980000)
  from space 1024K, 80% used [0x00000000d5d80000,0x00000000d5e4db00,0x00000000d5e80000)
  to   space 1024K, 0% used [0x00000000d5c80000,0x00000000d5c80000,0x00000000d5d80000)
 ParOldGen       total 738816K, used 738728K [0x0000000080000000, 0x00000000ad180000, 0x00000000d5580000)
  object space 738816K, 99% used [0x0000000080000000,0x00000000ad16a310,0x00000000ad180000)
 Metaspace       used 82216K, committed 83840K, reserved 1179648K
  class space    used 8412K, committed 9152K, reserved 1048576K
}
Event: 1702.157 GC heap after
{Heap after GC invocations=1435 (full 4):
 PSYoungGen      total 5120K, used 128K [0x00000000d5580000, 0x00000000d5e00000, 0x0000000100000000)
  eden space 4096K, 0% used [0x00000000d5580000,0x00000000d5580000,0x00000000d5980000)
  from space 1024K, 12% used [0x00000000d5c80000,0x00000000d5ca0000,0x00000000d5d80000)
  to   space 512K, 0% used [0x00000000d5d80000,0x00000000d5d80000,0x00000000d5e00000)
 ParOldGen       total 739328K, used 739077K [0x0000000080000000, 0x00000000ad200000, 0x00000000d5580000)
  object space 739328K, 99% used [0x0000000080000000,0x00000000ad1c17a0,0x00000000ad200000)
 Metaspace       used 82216K, committed 83840K, reserved 1179648K
  class space    used 8412K, committed 9152K, reserved 1048576K
}
Event: 11041.154 GC heap before
{Heap before GC invocations=1436 (full 4):
 PSYoungGen      total 5120K, used 4223K [0x00000000d5580000, 0x00000000d5e00000, 0x0000000100000000)
  eden space 4096K, 99% used [0x00000000d5580000,0x00000000d597fff0,0x00000000d5980000)
  from space 1024K, 12% used [0x00000000d5c80000,0x00000000d5ca0000,0x00000000d5d80000)
  to   space 512K, 0% used [0x00000000d5d80000,0x00000000d5d80000,0x00000000d5e00000)
 ParOldGen       total 739328K, used 739077K [0x0000000080000000, 0x00000000ad200000, 0x00000000d5580000)
  object space 739328K, 99% used [0x0000000080000000,0x00000000ad1c17a0,0x00000000ad200000)
 Metaspace       used 82217K, committed 83840K, reserved 1179648K
  class space    used 8412K, committed 9152K, reserved 1048576K
}
Event: 11042.377 GC heap after
{Heap after GC invocations=1436 (full 4):
 PSYoungGen      total 4608K, used 128K [0x00000000d5580000, 0x00000000d5e00000, 0x0000000100000000)
  eden space 4096K, 0% used [0x00000000d5580000,0x00000000d5580000,0x00000000d5980000)
  from space 512K, 25% used [0x00000000d5d80000,0x00000000d5da0000,0x00000000d5e00000)
  to   space 512K, 0% used [0x00000000d5d00000,0x00000000d5d00000,0x00000000d5d80000)
 ParOldGen       total 739328K, used 739101K [0x0000000080000000, 0x00000000ad200000, 0x00000000d5580000)
  object space 739328K, 99% used [0x0000000080000000,0x00000000ad1c77a0,0x00000000ad200000)
 Metaspace       used 82217K, committed 83840K, reserved 1179648K
  class space    used 8412K, committed 9152K, reserved 1048576K
}

